GET - /api/posts - Thu, 06 Jun 2024 09:40:23 GMT - 0.856 ms
GET - /api/posts - Thu, 06 Jun 2024 09:40:30 GMT - 0.588 ms
GET - /api/posts - Thu, 06 Jun 2024 09:40:31 GMT - 0.275 ms
GET - /api/posts - Thu, 06 Jun 2024 09:40:38 GMT - 0.194 ms
POST - /api/signup - Thu, 06 Jun 2024 09:54:02 GMT - 0.275 ms
GET - /api/posts - Thu, 06 Jun 2024 09:54:02 GMT - 0.305 ms
GET - /api/posts - Thu, 06 Jun 2024 09:55:46 GMT - 0.262 ms
POST - /api/signup - Thu, 06 Jun 2024 09:56:13 GMT - 0.192 ms
GET - /api/posts - Thu, 06 Jun 2024 09:56:13 GMT - 0.305 ms
POST - /api/signup - Thu, 06 Jun 2024 09:57:59 GMT - 0.189 ms
GET - /api/posts - Thu, 06 Jun 2024 09:57:59 GMT - 0.327 ms
POST - /api/signup - Thu, 06 Jun 2024 10:00:42 GMT - 0.675 ms
GET - /api/posts - Thu, 06 Jun 2024 10:00:42 GMT - 0.483 ms
GET - /signup - Thu, 06 Jun 2024 10:01:31 GMT - 4.283 ms
GET - /api/posts - Thu, 06 Jun 2024 10:01:32 GMT - 0.302 ms
POST - /api/signup - Thu, 06 Jun 2024 10:02:31 GMT - 0.261 ms
GET - /api/posts - Thu, 06 Jun 2024 10:02:31 GMT - 0.198 ms
POST - /api/login - Thu, 06 Jun 2024 10:04:19 GMT - 0.364 ms
GET - /api/posts - Thu, 06 Jun 2024 10:04:20 GMT - 0.236 ms
GET - /admin/signup - Thu, 06 Jun 2024 10:05:22 GMT - 4232.050 ms
POST - /admin/signup - Thu, 06 Jun 2024 10:05:58 GMT - 135.705 ms
GET - /admin/login - Thu, 06 Jun 2024 10:05:58 GMT - 6.998 ms
