GET - /api/posts - Thu, 06 Jun 2024 09:40:23 GMT - 0.856 ms
GET - /api/posts - Thu, 06 Jun 2024 09:40:30 GMT - 0.588 ms
GET - /api/posts - Thu, 06 Jun 2024 09:40:31 GMT - 0.275 ms
GET - /api/posts - Thu, 06 Jun 2024 09:40:38 GMT - 0.194 ms
POST - /api/signup - Thu, 06 Jun 2024 09:54:02 GMT - 0.275 ms
GET - /api/posts - Thu, 06 Jun 2024 09:54:02 GMT - 0.305 ms
GET - /api/posts - Thu, 06 Jun 2024 09:55:46 GMT - 0.262 ms
POST - /api/signup - Thu, 06 Jun 2024 09:56:13 GMT - 0.192 ms
GET - /api/posts - Thu, 06 Jun 2024 09:56:13 GMT - 0.305 ms
POST - /api/signup - Thu, 06 Jun 2024 09:57:59 GMT - 0.189 ms
GET - /api/posts - Thu, 06 Jun 2024 09:57:59 GMT - 0.327 ms
POST - /api/signup - Thu, 06 Jun 2024 10:00:42 GMT - 0.675 ms
GET - /api/posts - Thu, 06 Jun 2024 10:00:42 GMT - 0.483 ms
GET - /signup - Thu, 06 Jun 2024 10:01:31 GMT - 4.283 ms
GET - /api/posts - Thu, 06 Jun 2024 10:01:32 GMT - 0.302 ms
POST - /api/signup - Thu, 06 Jun 2024 10:02:31 GMT - 0.261 ms
GET - /api/posts - Thu, 06 Jun 2024 10:02:31 GMT - 0.198 ms
POST - /api/login - Thu, 06 Jun 2024 10:04:19 GMT - 0.364 ms
GET - /api/posts - Thu, 06 Jun 2024 10:04:20 GMT - 0.236 ms
GET - /admin/signup - Thu, 06 Jun 2024 10:05:22 GMT - 4232.050 ms
POST - /admin/signup - Thu, 06 Jun 2024 10:05:58 GMT - 135.705 ms
GET - /admin/login - Thu, 06 Jun 2024 10:05:58 GMT - 6.998 ms
GET - /api/posts - Fri, 07 Jun 2024 02:31:23 GMT - 0.781 ms
POST - /api/login - Fri, 07 Jun 2024 02:31:46 GMT - 0.200 ms
GET - /api/posts - Fri, 07 Jun 2024 02:31:46 GMT - 0.201 ms
GET - /admin/login - Fri, 07 Jun 2024 02:32:27 GMT - 4156.822 ms
POST - /admin/login - Fri, 07 Jun 2024 02:32:42 GMT - 62.923 ms
GET - /admin/login - Fri, 07 Jun 2024 02:32:42 GMT - 6.782 ms
POST - /admin/login - Fri, 07 Jun 2024 02:37:55 GMT - 173.582 ms
GET - /admin/login - Fri, 07 Jun 2024 02:37:55 GMT - 6.901 ms
GET - /admin/signup - Fri, 07 Jun 2024 02:38:36 GMT - 6.805 ms
POST - /admin/signup - Fri, 07 Jun 2024 02:39:04 GMT - 116.245 ms
GET - /admin/login - Fri, 07 Jun 2024 02:39:04 GMT - 5.559 ms
POST - /admin/login - Fri, 07 Jun 2024 02:39:15 GMT - 53.852 ms
GET - /admin/login - Fri, 07 Jun 2024 02:39:15 GMT - 6.384 ms
POST - /admin/login - Fri, 07 Jun 2024 02:39:40 GMT - 149.958 ms
GET - /admin/login - Fri, 07 Jun 2024 02:39:40 GMT - 6.216 ms
GET - /admin/signup - Fri, 07 Jun 2024 02:39:51 GMT - 6.966 ms
POST - /admin/signup - Fri, 07 Jun 2024 02:40:08 GMT - 105.159 ms
GET - /admin/login - Fri, 07 Jun 2024 02:40:09 GMT - 4.398 ms
POST - /admin/login - Fri, 07 Jun 2024 02:40:20 GMT - 153.384 ms
GET - /admin/login - Fri, 07 Jun 2024 02:40:20 GMT - 36.877 ms
POST - /admin/login - Fri, 07 Jun 2024 02:40:58 GMT - 149.740 ms
GET - /admin/login - Fri, 07 Jun 2024 02:40:59 GMT - 4.558 ms
POST - /admin/login - Fri, 07 Jun 2024 02:41:38 GMT - 160.398 ms
GET - /admin/login - Fri, 07 Jun 2024 02:41:42 GMT - 3894.935 ms
POST - /admin/login - Fri, 07 Jun 2024 02:42:04 GMT - 152.370 ms
GET - /admin/login - Fri, 07 Jun 2024 02:42:04 GMT - 7.958 ms
POST - /admin/login - Fri, 07 Jun 2024 02:43:12 GMT - 162.210 ms
GET - /admin/login - Fri, 07 Jun 2024 02:43:12 GMT - 5.200 ms
POST - /admin/login - Fri, 07 Jun 2024 02:44:26 GMT - 152.685 ms
GET - /admin/login - Fri, 07 Jun 2024 02:44:26 GMT - 6.498 ms
POST - /admin/login - Fri, 07 Jun 2024 02:45:32 GMT - 170.525 ms
GET - /admin/login - Fri, 07 Jun 2024 02:45:36 GMT - 3952.977 ms
POST - /admin/login - Fri, 07 Jun 2024 02:46:26 GMT - 152.248 ms
GET - /admin/login - Fri, 07 Jun 2024 02:46:27 GMT - 7.891 ms
POST - /admin/login - Fri, 07 Jun 2024 02:49:23 GMT - 171.971 ms
GET - /admin/login - Fri, 07 Jun 2024 02:49:27 GMT - 3926.949 ms
POST - /admin/login - Fri, 07 Jun 2024 02:50:12 GMT - 152.944 ms
GET - /admin/login - Fri, 07 Jun 2024 02:50:12 GMT - 6.503 ms
POST - /admin/login - Fri, 07 Jun 2024 02:51:16 GMT - 161.395 ms
GET - /admin/dashboard - Fri, 07 Jun 2024 02:51:20 GMT - 3934.512 ms
GET - /admin/dashboard - Fri, 07 Jun 2024 02:52:12 GMT - 1.348 ms
GET - /admin/login - Fri, 07 Jun 2024 02:52:16 GMT - 4064.111 ms
POST - /admin/login - Fri, 07 Jun 2024 02:52:35 GMT - 178.332 ms
GET - /admin/dashboard - Fri, 07 Jun 2024 02:52:35 GMT - 20.415 ms
GET - /admin/dashboard - Fri, 07 Jun 2024 02:52:55 GMT - 12.953 ms
